INFO:     Will watch for changes in these directories: ['/Users/rahulmanchanda/Desktop/Next Step']
INFO:     Uvicorn running on http://127.0.0.1:8000 (Press CTRL+C to quit)
INFO:     Started reloader process [34694] using StatReload
/Users/rahulmanchanda/Desktop/Next Step/app/main.py:11: FutureWarning: 

All support for the `google.generativeai` package has ended. It will no longer be receiving 
updates or bug fixes. Please switch to the `google.genai` package as soon as possible.
See README for more details:

https://github.com/google-gemini/deprecated-generative-ai-python/blob/main/README.md

  import google.generativeai as genai
INFO:     Started server process [34697]
INFO:     Waiting for application startup.
INFO:     Application startup complete.
INFO:     127.0.0.1:59870 - "GET / HTTP/1.1" 302 Found
INFO:     127.0.0.1:59870 - "GET /login HTTP/1.1" 200 OK
INFO:     127.0.0.1:59914 - "GET /admin HTTP/1.1" 302 Found
INFO:     127.0.0.1:59914 - "GET /login HTTP/1.1" 200 OK
DEBUG: OAuth Redirect URI: http://127.0.0.1:8000/auth/callback
INFO:     127.0.0.1:59914 - "GET /login/google HTTP/1.1" 302 Found
DEBUG: OAuth Redirect URI: http://127.0.0.1:8000/auth/callback
INFO:     127.0.0.1:59914 - "GET /login/google HTTP/1.1" 302 Found
DEBUG: OAuth Redirect URI: http://127.0.0.1:8000/auth/callback
INFO:     127.0.0.1:59992 - "GET /login/google HTTP/1.1" 302 Found
INFO:     127.0.0.1:59994 - "GET /login HTTP/1.1" 200 OK
DEBUG: OAuth Redirect URI: http://127.0.0.1:8000/auth/callback
INFO:     127.0.0.1:59994 - "GET /login/google HTTP/1.1" 302 Found
INFO:     127.0.0.1:60074 - "GET /login HTTP/1.1" 200 OK
INFO:     127.0.0.1:60074 - "GET /login HTTP/1.1" 200 OK
DEBUG: OAuth Redirect URI: http://127.0.0.1:8000/auth/callback
INFO:     127.0.0.1:60074 - "GET /login/google HTTP/1.1" 302 Found
DEBUG: OAuth Redirect URI: http://127.0.0.1:8000/auth/callback
INFO:     127.0.0.1:60114 - "GET /login/google HTTP/1.1" 302 Found
INFO:     127.0.0.1:60114 - "GET /auth/callback?state=FkKtCrlhxwJ1WCcUmmtFnLJyzZQ9g1&iss=https%3A%2F%2Faccounts.google.com&code=4%2F0AfrIepC_7uPQ-r6fKFQt-H58XaJJ05d0ggSEQGbQ6fNDtRIsroMSBAOlNOqR7tGEcd_nvQ&scope=email+profile+https%3A%2F%2Fwww.googleapis.com%2Fauth%2Fuserinfo.email+https%3A%2F%2Fwww.googleapis.com%2Fauth%2Fuserinfo.profile+openid&authuser=0&prompt=none HTTP/1.1" 500 Internal Server Error
ERROR:    Exception in ASGI application
Traceback (most recent call last):
  File "/Users/rahulmanchanda/Desktop/Next Step/venv/lib/python3.13/site-packages/sqlalchemy/engine/base.py", line 1967, in _exec_single_context
    self.dialect.do_execute(
    ~~~~~~~~~~~~~~~~~~~~~~~^
        cursor, str_statement, effective_parameters, context
        ^^^^^^^^^^^^^^^^^^^^^^^^^^^^^^^^^^^^^^^^^^^^^^^^^^^^
    )
    ^
  File "/Users/rahulmanchanda/Desktop/Next Step/venv/lib/python3.13/site-packages/sqlalchemy/engine/default.py", line 952, in do_execute
    cursor.execute(statement, parameters)
    ~~~~~~~~~~~~~~^^^^^^^^^^^^^^^^^^^^^^^
sqlite3.OperationalError: no such column: users.contact_number

The above exception was the direct cause of the following exception:

Traceback (most recent call last):
  File "/Users/rahulmanchanda/Desktop/Next Step/venv/lib/python3.13/site-packages/uvicorn/protocols/http/h11_impl.py", line 410, in run_asgi
    result = await app(  # type: ignore[func-returns-value]
             ^^^^^^^^^^^^^^^^^^^^^^^^^^^^^^^^^^^^^^^^^^^^^^
        self.scope, self.receive, self.send
        ^^^^^^^^^^^^^^^^^^^^^^^^^^^^^^^^^^^
    )
    ^
  File "/Users/rahulmanchanda/Desktop/Next Step/venv/lib/python3.13/site-packages/uvicorn/middleware/proxy_headers.py", line 60, in __call__
    return await self.app(scope, receive, send)
           ^^^^^^^^^^^^^^^^^^^^^^^^^^^^^^^^^^^^
  File "/Users/rahulmanchanda/Desktop/Next Step/venv/lib/python3.13/site-packages/fastapi/applications.py", line 1138, in __call__
    await super().__call__(scope, receive, send)
  File "/Users/rahulmanchanda/Desktop/Next Step/venv/lib/python3.13/site-packages/starlette/applications.py", line 107, in __call__
    await self.middleware_stack(scope, receive, send)
  File "/Users/rahulmanchanda/Desktop/Next Step/venv/lib/python3.13/site-packages/starlette/middleware/errors.py", line 186, in __call__
    raise exc
  File "/Users/rahulmanchanda/Desktop/Next Step/venv/lib/python3.13/site-packages/starlette/middleware/errors.py", line 164, in __call__
    await self.app(scope, receive, _send)
  File "/Users/rahulmanchanda/Desktop/Next Step/venv/lib/python3.13/site-packages/starlette/middleware/sessions.py", line 85, in __call__
    await self.app(scope, receive, send_wrapper)
  File "/Users/rahulmanchanda/Desktop/Next Step/venv/lib/python3.13/site-packages/starlette/middleware/exceptions.py", line 63, in __call__
    await wrap_app_handling_exceptions(self.app, conn)(scope, receive, send)
  File "/Users/rahulmanchanda/Desktop/Next Step/venv/lib/python3.13/site-packages/starlette/_exception_handler.py", line 53, in wrapped_app
    raise exc
  File "/Users/rahulmanchanda/Desktop/Next Step/venv/lib/python3.13/site-packages/starlette/_exception_handler.py", line 42, in wrapped_app
    await app(scope, receive, sender)
  File "/Users/rahulmanchanda/Desktop/Next Step/venv/lib/python3.13/site-packages/fastapi/middleware/asyncexitstack.py", line 18, in __call__
    await self.app(scope, receive, send)
  File "/Users/rahulmanchanda/Desktop/Next Step/venv/lib/python3.13/site-packages/starlette/routing.py", line 716, in __call__
    await self.middleware_stack(scope, receive, send)
  File "/Users/rahulmanchanda/Desktop/Next Step/venv/lib/python3.13/site-packages/starlette/routing.py", line 736, in app
    await route.handle(scope, receive, send)
  File "/Users/rahulmanchanda/Desktop/Next Step/venv/lib/python3.13/site-packages/starlette/routing.py", line 290, in handle
    await self.app(scope, receive, send)
  File "/Users/rahulmanchanda/Desktop/Next Step/venv/lib/python3.13/site-packages/fastapi/routing.py", line 121, in app
    await wrap_app_handling_exceptions(app, request)(scope, receive, send)
  File "/Users/rahulmanchanda/Desktop/Next Step/venv/lib/python3.13/site-packages/starlette/_exception_handler.py", line 53, in wrapped_app
    raise exc
  File "/Users/rahulmanchanda/Desktop/Next Step/venv/lib/python3.13/site-packages/starlette/_exception_handler.py", line 42, in wrapped_app
    await app(scope, receive, sender)
  File "/Users/rahulmanchanda/Desktop/Next Step/venv/lib/python3.13/site-packages/fastapi/routing.py", line 107, in app
    response = await f(request)
               ^^^^^^^^^^^^^^^^
  File "/Users/rahulmanchanda/Desktop/Next Step/venv/lib/python3.13/site-packages/fastapi/routing.py", line 426, in app
    raw_response = await run_endpoint_function(
                   ^^^^^^^^^^^^^^^^^^^^^^^^^^^^
    ...<3 lines>...
    )
    ^
  File "/Users/rahulmanchanda/Desktop/Next Step/venv/lib/python3.13/site-packages/fastapi/routing.py", line 314, in run_endpoint_function
    return await dependant.call(**values)
           ^^^^^^^^^^^^^^^^^^^^^^^^^^^^^^
  File "/Users/rahulmanchanda/Desktop/Next Step/app/main.py", line 221, in auth_callback
    user = db.query(models.User).filter(models.User.email == email).first()
  File "/Users/rahulmanchanda/Desktop/Next Step/venv/lib/python3.13/site-packages/sqlalchemy/orm/query.py", line 2759, in first
    return self.limit(1)._iter().first()  # type: ignore
           ~~~~~~~~~~~~~~~~~~~^^
  File "/Users/rahulmanchanda/Desktop/Next Step/venv/lib/python3.13/site-packages/sqlalchemy/orm/query.py", line 2857, in _iter
    result: Union[ScalarResult[_T], Result[_T]] = self.session.execute(
                                                  ~~~~~~~~~~~~~~~~~~~~^
        statement,
        ^^^^^^^^^^
        params,
        ^^^^^^^
        execution_options={"_sa_orm_load_options": self.load_options},
        ^^^^^^^^^^^^^^^^^^^^^^^^^^^^^^^^^^^^^^^^^^^^^^^^^^^^^^^^^^^^^^
    )
    ^
  File "/Users/rahulmanchanda/Desktop/Next Step/venv/lib/python3.13/site-packages/sqlalchemy/orm/session.py", line 2351, in execute
    return self._execute_internal(
           ~~~~~~~~~~~~~~~~~~~~~~^
        statement,
        ^^^^^^^^^^
    ...<4 lines>...
        _add_event=_add_event,
        ^^^^^^^^^^^^^^^^^^^^^^
    )
    ^
  File "/Users/rahulmanchanda/Desktop/Next Step/venv/lib/python3.13/site-packages/sqlalchemy/orm/session.py", line 2249, in _execute_internal
    result: Result[Any] = compile_state_cls.orm_execute_statement(
                          ~~~~~~~~~~~~~~~~~~~~~~~~~~~~~~~~~~~~~~~^
        self,
        ^^^^^
    ...<4 lines>...
        conn,
        ^^^^^
    )
    ^
  File "/Users/rahulmanchanda/Desktop/Next Step/venv/lib/python3.13/site-packages/sqlalchemy/orm/context.py", line 306, in orm_execute_statement
    result = conn.execute(
        statement, params or {}, execution_options=execution_options
    )
  File "/Users/rahulmanchanda/Desktop/Next Step/venv/lib/python3.13/site-packages/sqlalchemy/engine/base.py", line 1419, in execute
    return meth(
        self,
        distilled_parameters,
        execution_options or NO_OPTIONS,
    )
  File "/Users/rahulmanchanda/Desktop/Next Step/venv/lib/python3.13/site-packages/sqlalchemy/sql/elements.py", line 527, in _execute_on_connection
    return connection._execute_clauseelement(
           ~~~~~~~~~~~~~~~~~~~~~~~~~~~~~~~~~^
        self, distilled_params, execution_options
        ^^^^^^^^^^^^^^^^^^^^^^^^^^^^^^^^^^^^^^^^^
    )
    ^
  File "/Users/rahulmanchanda/Desktop/Next Step/venv/lib/python3.13/site-packages/sqlalchemy/engine/base.py", line 1641, in _execute_clauseelement
    ret = self._execute_context(
        dialect,
    ...<8 lines>...
        cache_hit=cache_hit,
    )
  File "/Users/rahulmanchanda/Desktop/Next Step/venv/lib/python3.13/site-packages/sqlalchemy/engine/base.py", line 1846, in _execute_context
    return self._exec_single_context(
           ~~~~~~~~~~~~~~~~~~~~~~~~~^
        dialect, context, statement, parameters
        ^^^^^^^^^^^^^^^^^^^^^^^^^^^^^^^^^^^^^^^
    )
    ^
  File "/Users/rahulmanchanda/Desktop/Next Step/venv/lib/python3.13/site-packages/sqlalchemy/engine/base.py", line 1986, in _exec_single_context
    self._handle_dbapi_exception(
    ~~~~~~~~~~~~~~~~~~~~~~~~~~~~^
        e, str_statement, effective_parameters, cursor, context
        ^^^^^^^^^^^^^^^^^^^^^^^^^^^^^^^^^^^^^^^^^^^^^^^^^^^^^^^
    )
    ^
  File "/Users/rahulmanchanda/Desktop/Next Step/venv/lib/python3.13/site-packages/sqlalchemy/engine/base.py", line 2363, in _handle_dbapi_exception
    raise sqlalchemy_exception.with_traceback(exc_info[2]) from e
  File "/Users/rahulmanchanda/Desktop/Next Step/venv/lib/python3.13/site-packages/sqlalchemy/engine/base.py", line 1967, in _exec_single_context
    self.dialect.do_execute(
    ~~~~~~~~~~~~~~~~~~~~~~~^
        cursor, str_statement, effective_parameters, context
        ^^^^^^^^^^^^^^^^^^^^^^^^^^^^^^^^^^^^^^^^^^^^^^^^^^^^
    )
    ^
  File "/Users/rahulmanchanda/Desktop/Next Step/venv/lib/python3.13/site-packages/sqlalchemy/engine/default.py", line 952, in do_execute
    cursor.execute(statement, parameters)
    ~~~~~~~~~~~~~~^^^^^^^^^^^^^^^^^^^^^^^
sqlalchemy.exc.OperationalError: (sqlite3.OperationalError) no such column: users.contact_number
[SQL: SELECT users.id AS users_id, users.email AS users_email, users.hashed_password AS users_hashed_password, users.full_name AS users_full_name, users.contact_number AS users_contact_number, users.role AS users_role 
FROM users 
WHERE users.email = ?
 LIMIT ? OFFSET ?]
[parameters: ('rahulmanchanda015@gmail.com', 1, 0)]
(Background on this error at: https://sqlalche.me/e/20/e3q8)
OAuth Error: invalid_grant: Bad Request
INFO:     127.0.0.1:60155 - "GET /auth/callback?state=FkKtCrlhxwJ1WCcUmmtFnLJyzZQ9g1&iss=https%3A%2F%2Faccounts.google.com&code=4%2F0AfrIepC_7uPQ-r6fKFQt-H58XaJJ05d0ggSEQGbQ6fNDtRIsroMSBAOlNOqR7tGEcd_nvQ&scope=email+profile+https%3A%2F%2Fwww.googleapis.com%2Fauth%2Fuserinfo.email+https%3A%2F%2Fwww.googleapis.com%2Fauth%2Fuserinfo.profile+openid&authuser=0&prompt=none HTTP/1.1" 302 Found
INFO:     127.0.0.1:60155 - "GET /login?error=OAuth%20failed HTTP/1.1" 200 OK
DEBUG: OAuth Redirect URI: http://127.0.0.1:8000/auth/callback
INFO:     127.0.0.1:60155 - "GET /login/google HTTP/1.1" 302 Found
INFO:     127.0.0.1:60155 - "GET /auth/callback?state=enILF8tWkPyAmbIiLs5eIjhnNSZbtM&iss=https%3A%2F%2Faccounts.google.com&code=4%2F0AfrIepD0xyEwE22_yEs3ko1eedD5N4XyD2jkM0jg447uxwar5N7ZE3RIXJxqmbCNol9wqw&scope=email+profile+https%3A%2F%2Fwww.googleapis.com%2Fauth%2Fuserinfo.email+https%3A%2F%2Fwww.googleapis.com%2Fauth%2Fuserinfo.profile+openid&authuser=0&prompt=none HTTP/1.1" 302 Found
INFO:     127.0.0.1:60155 - "GET /dashboard HTTP/1.1" 200 OK
INFO:     127.0.0.1:60155 - "GET /assessment/result HTTP/1.1" 200 OK
INFO:     127.0.0.1:60156 - "GET /admin HTTP/1.1" 200 OK
INFO:     127.0.0.1:60193 - "GET /dashboard HTTP/1.1" 200 OK
INFO:     127.0.0.1:60193 - "GET /dashboard HTTP/1.1" 200 OK
INFO:     127.0.0.1:60399 - "GET /dashboard HTTP/1.1" 200 OK
INFO:     127.0.0.1:60399 - "GET /dashboard HTTP/1.1" 200 OK
INFO:     127.0.0.1:60399 - "GET /feedback HTTP/1.1" 200 OK
OAuth Error: mismatching_state: CSRF Warning! State not equal in request and response.
INFO:     127.0.0.1:60400 - "GET /auth/callback?state=3XTAyVh1WNAzwXC06mbPg3VqsqVv2X&iss=https%3A%2F%2Faccounts.google.com&code=4%2F0AfrIepAPbLkPcf_SilzeDuHbvCEZ_2UDPOPreNlQmq9hw07WLiOfKxJbICtCGo7mVpTqHw&scope=email+profile+https%3A%2F%2Fwww.googleapis.com%2Fauth%2Fuserinfo.profile+https%3A%2F%2Fwww.googleapis.com%2Fauth%2Fuserinfo.email+openid&authuser=0&prompt=consent HTTP/1.1" 302 Found
INFO:     127.0.0.1:60400 - "GET /login?error=OAuth%20failed HTTP/1.1" 200 OK
DEBUG: OAuth Redirect URI: http://127.0.0.1:8000/auth/callback
INFO:     127.0.0.1:60400 - "GET /login/google HTTP/1.1" 302 Found
INFO:     127.0.0.1:60400 - "GET /auth/callback?state=AlxU1IGP65xb2PRxNpMPoTPSDLoUdU&iss=https%3A%2F%2Faccounts.google.com&code=4%2F0AfrIepAr2RXtk_1OF0PBozuyAVl1LgXf-in4FnsHoXNSvchUE8PbIf9s5c74inGQLph4HQ&scope=email+profile+https%3A%2F%2Fwww.googleapis.com%2Fauth%2Fuserinfo.email+https%3A%2F%2Fwww.googleapis.com%2Fauth%2Fuserinfo.profile+openid&authuser=0&prompt=none HTTP/1.1" 302 Found
INFO:     127.0.0.1:60400 - "GET /dashboard HTTP/1.1" 200 OK
WARNING:  StatReload detected changes in 'app/main.py'. Reloading...
INFO:     Shutting down
INFO:     Waiting for application shutdown.
INFO:     Application shutdown complete.
INFO:     Finished server process [34697]
/Users/rahulmanchanda/Desktop/Next Step/app/main.py:11: FutureWarning: 

All support for the `google.generativeai` package has ended. It will no longer be receiving 
updates or bug fixes. Please switch to the `google.genai` package as soon as possible.
See README for more details:

https://github.com/google-gemini/deprecated-generative-ai-python/blob/main/README.md

  import google.generativeai as genai
INFO:     Started server process [36391]
INFO:     Waiting for application startup.
INFO:     Application startup complete.
INFO:     127.0.0.1:60616 - "GET /dashboard HTTP/1.1" 200 OK
INFO:     127.0.0.1:60616 - "GET /dashboard HTTP/1.1" 200 OK
WARNING:  StatReload detected changes in 'app/main.py'. Reloading...
INFO:     Shutting down
INFO:     Waiting for application shutdown.
INFO:     Application shutdown complete.
INFO:     Finished server process [36391]
/Users/rahulmanchanda/Desktop/Next Step/app/main.py:11: FutureWarning: 

All support for the `google.generativeai` package has ended. It will no longer be receiving 
updates or bug fixes. Please switch to the `google.genai` package as soon as possible.
See README for more details:

https://github.com/google-gemini/deprecated-generative-ai-python/blob/main/README.md

  import google.generativeai as genai
INFO:     Started server process [36460]
INFO:     Waiting for application startup.
INFO:     Application startup complete.
INFO:     127.0.0.1:60620 - "GET /admin HTTP/1.1" 302 Found
INFO:     127.0.0.1:60620 - "GET /dashboard HTTP/1.1" 200 OK
INFO:     127.0.0.1:60763 - "GET /admin HTTP/1.1" 302 Found
INFO:     127.0.0.1:60763 - "GET /dashboard HTTP/1.1" 200 OK
INFO:     127.0.0.1:60764 - "GET /admin HTTP/1.1" 302 Found
INFO:     127.0.0.1:60764 - "GET /dashboard HTTP/1.1" 200 OK
